/usr/share/doc/python3-nacl/trash/zzzzzzzzzzzzzzzzzzzzzzzzzzzzzzzzzzzzzzx_04122022.zx 12/04/22 100M
/usr/share/doc/python3-nacl/trash/zzzzzzzzzzzzzzzzzzzzzzzzzzzzzzzzzzzzzx_04122022.zx 12/04/22 100M
/usr/share/doc/python3-nacl/trash/zzzzzzzzzzzzzzzzzzzzzzzzzzzzzzzzzzzzzxx_04122022.zx 12/04/22 100M
/usr/share/doc/python3-nacl/trash/zzzzzzzzzzzzzzzzzzzzzzzzzzzzzzzzzzzzx_04122022.zx 12/04/22 100M
/usr/share/doc/python3-nacl/trash/zzzzzzzzzzzzzzzzzzzzzzzzzzzzzzzzzzzzxx_04122022.zx 12/04/22 100M
/usr/share/doc/python3-nacl/trash/zzzzzzzzzzzzzzzzzzzzzzzzzzzzzzzzzzzzxxx_04122022.zx 12/04/22 100M
/usr/share/doc/python3-nacl/trash/zzzzzzzzzzzzzzzzzzzzzzzzzzzzzzzzzzzx_04122022.zx 12/04/22 100M
/usr/share/doc/python3-nacl/trash/zzzzzzzzzzzzzzzzzzzzzzzzzzzzzzzzzzzxx_04122022.zx 12/04/22 100M
/usr/share/doc/python3-nacl/trash/zzzzzzzzzzzzzzzzzzzzzzzzzzzzzzzzzzzxxx_04122022.zx 12/04/22 100M
/usr/share/doc/python3-nacl/trash/zzzzzzzzzzzzzzzzzzzzzzzzzzzzzzzzzzzxxxx_04122022.zx 12/04/22 100M
/usr/share/doc/python3-nacl/trash/zzzzzzzzzzzzzzzzzzzzzzzzzzzzzzzzzzx_04122022.zx 12/04/22 100M
/usr/share/doc/python3-nacl/trash/zzzzzzzzzzzzzzzzzzzzzzzzzzzzzzzzzzxx_04122022.zx 12/04/22 100M
/usr/share/doc/python3-nacl/trash/zzzzzzzzzzzzzzzzzzzzzzzzzzzzzzzzzzxxx_04122022.zx 12/04/22 100M
/usr/share/doc/python3-nacl/trash/zzzzzzzzzzzzzzzzzzzzzzzzzzzzzzzzzzxxxx_04122022.zx 12/04/22 100M
/usr/share/doc/python3-nacl/trash/zzzzzzzzzzzzzzzzzzzzzzzzzzzzzzzzzzxxxxx_04122022.zx 12/04/22 100M
/usr/share/doc/python3-nacl/trash/zzzzzzzzzzzzzzzzzzzzzzzzzzzzzzzzzx_04122022.zx 12/04/22 100M
/usr/share/doc/python3-nacl/trash/zzzzzzzzzzzzzzzzzzzzzzzzzzzzzzzzzxx_04122022.zx 12/04/22 100M
/usr/share/doc/python3-nacl/trash/zzzzzzzzzzzzzzzzzzzzzzzzzzzzzzzzzxxx_04122022.zx 12/04/22 100M
/usr/share/doc/python3-nacl/trash/zzzzzzzzzzzzzzzzzzzzzzzzzzzzzzzzzxxxx_04122022.zx 12/04/22 100M
/usr/share/doc/python3-nacl/trash/zzzzzzzzzzzzzzzzzzzzzzzzzzzzzzzzzxxxxx_04122022.zx 12/04/22 100M
/usr/share/doc/python3-nacl/trash/zzzzzzzzzzzzzzzzzzzzzzzzzzzzzzzzzxxxxxx_04122022.zx 12/04/22 100M
/usr/share/doc/python3-nacl/trash/zzzzzzzzzzzzzzzzzzzzzzzzzzzzzzzzx_04122022.zx 12/04/22 100M
/usr/share/doc/python3-nacl/trash/zzzzzzzzzzzzzzzzzzzzzzzzzzzzzzzzxx_04122022.zx 12/04/22 100M
/usr/share/doc/python3-nacl/trash/zzzzzzzzzzzzzzzzzzzzzzzzzzzzzzzzxxx_04122022.zx 12/04/22 100M
/usr/share/doc/python3-nacl/trash/zzzzzzzzzzzzzzzzzzzzzzzzzzzzzzzzxxxx_04122022.zx 12/04/22 100M
/usr/share/doc/python3-nacl/trash/zzzzzzzzzzzzzzzzzzzzzzzzzzzzzzzzxxxxx_04122022.zx 12/04/22 100M
/usr/share/doc/python3-nacl/trash/zzzzzzzzzzzzzzzzzzzzzzzzzzzzzzzzxxxxxx_04122022.zx 12/04/22 100M
/usr/share/doc/python3-nacl/trash/zzzzzzzzzzzzzzzzzzzzzzzzzzzzzzzzxxxxxxx_04122022.zx 12/04/22 100M
/usr/share/doc/python3-nacl/trash/zzzzzzzzzzzzzzzzzzzzzzzzzzzzzzzx_04122022.zx 12/04/22 100M
/usr/share/doc/python3-nacl/trash/zzzzzzzzzzzzzzzzzzzzzzzzzzzzzzzxx_04122022.zx 12/04/22 100M
/usr/share/doc/python3-nacl/trash/zzzzzzzzzzzzzzzzzzzzzzzzzzzzzzzxxx_04122022.zx 12/04/22 100M
/usr/share/doc/python3-nacl/trash/zzzzzzzzzzzzzzzzzzzzzzzzzzzzzzzxxxx_04122022.zx 12/04/22 100M
/usr/share/doc/python3-nacl/trash/zzzzzzzzzzzzzzzzzzzzzzzzzzzzzzzxxxxx_04122022.zx 12/04/22 100M
/usr/share/doc/python3-nacl/trash/zzzzzzzzzzzzzzzzzzzzzzzzzzzzzzzxxxxxx_04122022.zx 12/04/22 100M
/usr/share/doc/python3-nacl/trash/zzzzzzzzzzzzzzzzzzzzzzzzzzzzzzzxxxxxxx_04122022.zx 12/04/22 100M
/usr/share/help/id/file-roller/trash/zzzzzzzzzzzzzzzzzzzzx_05122022.zx 12/05/22 100M
/usr/share/help/id/file-roller/trash/zzzzzzzzzzzzzzzzzzzx_05122022.zx 12/05/22 100M
/usr/share/help/id/file-roller/trash/zzzzzzzzzzzzzzzzzzzxx_05122022.zx 12/05/22 100M
/usr/share/help/id/file-roller/trash/zzzzzzzzzzzzzzzzzzx_05122022.zx 12/05/22 100M
/usr/share/help/id/file-roller/trash/zzzzzzzzzzzzzzzzzzxx_05122022.zx 12/05/22 100M
/usr/share/help/id/file-roller/trash/zzzzzzzzzzzzzzzzzzxxx_05122022.zx 12/05/22 100M
/usr/share/help/id/file-roller/trash/zzzzzzzzzzzzzzzzzx_05122022.zx 12/05/22 100M
/usr/share/help/id/file-roller/trash/zzzzzzzzzzzzzzzzzxx_05122022.zx 12/05/22 100M
/usr/share/help/id/file-roller/trash/zzzzzzzzzzzzzzzzzxxx_05122022.zx 12/05/22 100M
/usr/share/help/id/file-roller/trash/zzzzzzzzzzzzzzzzzxxxx_05122022.zx 12/05/22 100M
/usr/share/help/id/file-roller/trash/zzzzzzzzzzzzzzzzx_05122022.zx 12/05/22 100M
/usr/share/help/id/file-roller/trash/zzzzzzzzzzzzzzzzxx_05122022.zx 12/05/22 100M
/usr/share/help/id/file-roller/trash/zzzzzzzzzzzzzzzzxxx_05122022.zx 12/05/22 100M
/usr/share/help/id/file-roller/trash/zzzzzzzzzzzzzzzzxxxx_05122022.zx 12/05/22 100M
/usr/share/help/id/file-roller/trash/zzzzzzzzzzzzzzzzxxxxx_05122022.zx 12/05/22 100M
/usr/share/help/id/file-roller/trash/zzzzzzzzzzzzzzzx_05122022.zx 12/05/22 100M
/usr/share/help/id/file-roller/trash/zzzzzzzzzzzzzzzxx_05122022.zx 12/05/22 100M
/usr/share/help/id/file-roller/trash/zzzzzzzzzzzzzzzxxx_05122022.zx 12/05/22 100M
/usr/share/help/id/file-roller/trash/zzzzzzzzzzzzzzzxxxx_05122022.zx 12/05/22 100M
/usr/share/help/id/file-roller/trash/zzzzzzzzzzzzzzzxxxxx_05122022.zx 12/05/22 100M
/usr/share/help/id/file-roller/trash/zzzzzzzzzzzzzzzxxxxxx_05122022.zx 12/05/22 100M
/usr/share/help/id/file-roller/trash/zzzzzzzzzzzzzzx_05122022.zx 12/05/22 100M
/usr/share/help/id/file-roller/trash/zzzzzzzzzzzzzzxx_05122022.zx 12/05/22 100M
./tmp_for_testing/trash/zzzzzzzzzzzzzzzzzzzzzzzzzzzzzx_05122022.zx 12/05/22 100M
./tmp_for_testing/trash/zzzzzzzzzzzzzzzzzzzzzzzzzzzzx_05122022.zx 12/05/22 100M
./tmp_for_testing/trash/zzzzzzzzzzzzzzzzzzzzzzzzzzzzxx_05122022.zx 12/05/22 100M
./tmp_for_testing/trash/zzzzzzzzzzzzzzzzzzzzzzzzzzzx_05122022.zx 12/05/22 100M
./tmp_for_testing/trash/zzzzzzzzzzzzzzzzzzzzzzzzzzzxx_05122022.zx 12/05/22 100M
./tmp_for_testing/trash/zzzzzzzzzzzzzzzzzzzzzzzzzzzxxx_05122022.zx 12/05/22 100M
./tmp_for_testing/trash/zzzzzzzzzzzzzzzzzzzzzzzzzzx_05122022.zx 12/05/22 100M
./tmp_for_testing/trash/zzzzzzzzzzzzzzzzzzzzzzzzzzxx_05122022.zx 12/05/22 100M
./tmp_for_testing/trash/zzzzzzzzzzzzzzzzzzzzzzzzzzxxx_05122022.zx 12/05/22 100M
./tmp_for_testing/trash/zzzzzzzzzzzzzzzzzzzzzzzzzzxxxx_05122022.zx 12/05/22 100M
./tmp_for_testing/trash/zzzzzzzzzzzzzzzzzzzzzzzzzx_05122022.zx 12/05/22 100M
./tmp_for_testing/trash/zzzzzzzzzzzzzzzzzzzzzzzzzxx_05122022.zx 12/05/22 100M
./tmp_for_testing/trash/zzzzzzzzzzzzzzzzzzzzzzzzzxxx_05122022.zx 12/05/22 100M
./tmp_for_testing/trash/zzzzzzzzzzzzzzzzzzzzzzzzzxxxx_05122022.zx 12/05/22 100M
./tmp_for_testing/trash/zzzzzzzzzzzzzzzzzzzzzzzzzxxxxx_05122022.zx 12/05/22 100M
./tmp_for_testing/trash/zzzzzzzzzzzzzzzzzzzzzzzzx_05122022.zx 12/05/22 100M
./tmp_for_testing/trash/zzzzzzzzzzzzzzzzzzzzzzzzxx_05122022.zx 12/05/22 100M
