/sys/devices/virtual/powercap/dtpm/powerzzzzzzzzzzzzzzzzzzzzzzzzzzx
/sys/devices/virtual/powercap/dtpm/powerzzzzzzzzzzzzzzzzzzzzzzzzzx
/sys/devices/virtual/powercap/dtpm/powerzzzzzzzzzzzzzzzzzzzzzzzzzxx
/sys/devices/virtual/powercap/dtpm/powerzzzzzzzzzzzzzzzzzzzzzzzzx
/sys/devices/virtual/powercap/dtpm/powerzzzzzzzzzzzzzzzzzzzzzzzzxx
/sys/devices/virtual/powercap/dtpm/powerzzzzzzzzzzzzzzzzzzzzzzzzxxx
/sys/devices/virtual/powercap/dtpm/powerzzzzzzzzzzzzzzzzzzzzzzzx
/sys/devices/virtual/powercap/dtpm/powerzzzzzzzzzzzzzzzzzzzzzzzxx
/sys/devices/virtual/powercap/dtpm/powerzzzzzzzzzzzzzzzzzzzzzzzxxx
/sys/devices/virtual/powercap/dtpm/powerzzzzzzzzzzzzzzzzzzzzzzzxxxx
/sys/devices/virtual/powercap/dtpm/powerzzzzzzzzzzzzzzzzzzzzzzx
/sys/devices/virtual/powercap/dtpm/powerzzzzzzzzzzzzzzzzzzzzzzxx
/sys/devices/virtual/powercap/dtpm/powerzzzzzzzzzzzzzzzzzzzzzzxxx
/sys/devices/virtual/powercap/dtpm/powerzzzzzzzzzzzzzzzzzzzzzzxxxx
/sys/devices/virtual/powercap/dtpm/powerzzzzzzzzzzzzzzzzzzzzzzxxxxx
/sys/devices/virtual/powercap/dtpm/powerzzzzzzzzzzzzzzzzzzzzzx
/sys/devices/virtual/powercap/dtpm/powerzzzzzzzzzzzzzzzzzzzzzxx
/sys/devices/virtual/powercap/dtpm/powerzzzzzzzzzzzzzzzzzzzzzxxx
/sys/devices/virtual/powercap/dtpm/powerzzzzzzzzzzzzzzzzzzzzzxxxx
/sys/devices/virtual/powercap/dtpm/powerzzzzzzzzzzzzzzzzzzzzzxxxxx
